<?xml version="1.0" encoding="UTF-8"?>
<!-- Generated by org.testng.reporters.JUnitReportReporter -->
<testsuite hostname="SRIRAMA1020" failures="0" tests="1" name="diabetesData.Diabetes" time="0.007" errors="0" timestamp="2024-07-10T13:08:49 EDT" skipped="0">
  <testcase classname="diabetesData.Diabetes" name="test" time="0.007"/>
</testsuite> <!-- diabetesData.Diabetes -->
