<?xml version="1.0" encoding="UTF-8"?>
<!-- Generated by org.testng.reporters.JUnitReportReporter -->
<testsuite hostname="SRIRAMA1020" failures="0" tests="1" name="diabetesData.Diabetes" time="7.991" errors="0" timestamp="2024-07-10T18:49:35 EDT" skipped="0">
  <testcase classname="diabetesData.Diabetes" name="setUp" time="7.991"/>
</testsuite> <!-- diabetesData.Diabetes -->
